Using pre-set license
Built from '2020.3/staging' branch; Version is '2020.3.4f1 (0abb6314276a) revision 703331'; Using compiler version '192528614'; Build Type 'Release'
OS: 'Windows 10 Pro; OS build 19042.1526; Version 2009; 64bit' Language: 'en' Physical Memory: 16235 MB
BatchMode: 1, IsHumanControllingUs: 0, StartBugReporterOnCrash: 0, Is64bit: 1, IsPro: 0

 COMMAND LINE ARGUMENTS:
D:\Unity\2020.3.4f1\Editor\Unity.exe
-adb2
-batchMode
-noUpm
-name
AssetImportWorker0
-projectPath
D:/Unity GameProject/Comp4521
-logFile
Logs/AssetImportWorker0.log
-srvPort
63456
Successfully changed project path to: D:/Unity GameProject/Comp4521
D:/Unity GameProject/Comp4521
Using Asset Import Pipeline V2.
Refreshing native plugins compatible for Editor in 61.01 ms, found 0 plugins.
Preloading 0 native plugins for Editor in 0.00 ms.
Initialize engine version: 2020.3.4f1 (0abb6314276a)
[Subsystems] Discovering subsystems at path D:/Unity/2020.3.4f1/Editor/Data/Resources/UnitySubsystems
[Subsystems] Discovering subsystems at path D:/Unity GameProject/Comp4521/Assets
GfxDevice: creating device client; threaded=0
Direct3D:
    Version:  Direct3D 11.0 [level 11.1]
    Renderer: NVIDIA GeForce RTX 2060 SUPER (ID=0x1f06)
    Vendor:   
    VRAM:     8031 MB
    Driver:   30.0.14.7168
Shader 'Universal Render Pipeline/Particles/Lit': fallback shader 'Universal Render Pipeline/Particles/SimpleLit' not found
Initialize mono
Mono path[0] = 'D:/Unity/2020.3.4f1/Editor/Data/Managed'
Mono path[1] = 'D:/Unity/2020.3.4f1/Editor/Data/MonoBleedingEdge/lib/mono/unityjit'
Mono config path = 'D:/Unity/2020.3.4f1/Editor/Data/MonoBleedingEdge/etc'
Using monoOptions --debugger-agent=transport=dt_socket,embedding=1,server=y,suspend=n,address=127.0.0.1:56808
Begin MonoManager ReloadAssembly
Registering precompiled unity dll's ...
Register platform support module: D:/Unity/2020.3.4f1/Editor/Data/PlaybackEngines/WebGLSupport/UnityEditor.WebGL.Extensions.dll
Register platform support module: D:/Unity/2020.3.4f1/Editor/Data/PlaybackEngines/WindowsStandaloneSupport/UnityEditor.WindowsStandalone.Extensions.dll
Registered in 0.001321 seconds.
Native extension for WindowsStandalone target not found
Native extension for WebGL target not found
Refreshing native plugins compatible for Editor in 76.74 ms, found 0 plugins.
Preloading 0 native plugins for Editor in 0.00 ms.
Mono: successfully reloaded assembly
- Completed reload, in  2.527 seconds
Platform modules already initialized, skipping
Registering precompiled user dll's ...
Registered in 0.001992 seconds.
Begin MonoManager ReloadAssembly
Native extension for WindowsStandalone target not found
Native extension for WebGL target not found
Refreshing native plugins compatible for Editor in 77.20 ms, found 0 plugins.
Preloading 0 native plugins for Editor in 0.00 ms.
Mono: successfully reloaded assembly
- Completed reload, in  1.378 seconds
Platform modules already initialized, skipping
========================================================================
Worker process is ready to serve import requests
Shader 'Universal Render Pipeline/Particles/Lit': fallback shader 'Universal Render Pipeline/Particles/SimpleLit' not found
Launched and connected shader compiler UnityShaderCompiler.exe after 0.13 seconds
Refreshing native plugins compatible for Editor in 1.00 ms, found 0 plugins.
Preloading 0 native plugins for Editor in 0.00 ms.
Unloading 2422 Unused Serialized files (Serialized files now loaded: 0)
System memory in use before: 117.6 MB.
System memory in use after: 117.8 MB.

Unloading 10 unused Assets to reduce memory usage. Loaded Objects now: 2867.
Total: 2.048400 ms (FindLiveObjects: 0.240700 ms CreateObjectMapping: 0.105900 ms MarkObjects: 1.636500 ms  DeleteObjects: 0.064600 ms)

========================================================================
Received Import Request.
  path: Assets/Monsters Ultimate Pack 01 Cute Series/Bat Lord Cute Series/Scenes/Demo.unity
  artifactKey: Guid(88663abd3e3767b4eb1cf27bf9bf7608) Importer(815301076,1909f56bfc062723c751e8b465ee728b)
Start importing Assets/Monsters Ultimate Pack 01 Cute Series/Bat Lord Cute Series/Scenes/Demo.unity using Guid(88663abd3e3767b4eb1cf27bf9bf7608) Importer(815301076,1909f56bfc062723c751e8b465ee728b)  -> (artifact id: '3e6712d8a88c7d08bad3eb78b761b79d') in 0.022848 seconds
  Import took 0.027198 seconds .

========================================================================
Received Import Request.
  Time since last request: 0.000265 seconds.
  path: Assets/Monsters Ultimate Pack 01 Cute Series/Bat Lord Cute Series/Scenes
  artifactKey: Guid(7eb329f3fb6b9e8469553fce79547ea3) Importer(815301076,1909f56bfc062723c751e8b465ee728b)
Start importing Assets/Monsters Ultimate Pack 01 Cute Series/Bat Lord Cute Series/Scenes using Guid(7eb329f3fb6b9e8469553fce79547ea3) Importer(815301076,1909f56bfc062723c751e8b465ee728b)  -> (artifact id: '75e21aa90fb1d38e3d373fd45a26d58c') in 0.009486 seconds
  Import took 0.013621 seconds .

========================================================================
Received Import Request.
  Time since last request: 0.000228 seconds.
  path: Assets/Monsters Ultimate Pack 01 Cute Series/Bat Lord Cute Series
  artifactKey: Guid(2e36ff1acb694dc46be7c7c9865d702a) Importer(815301076,1909f56bfc062723c751e8b465ee728b)
Start importing Assets/Monsters Ultimate Pack 01 Cute Series/Bat Lord Cute Series using Guid(2e36ff1acb694dc46be7c7c9865d702a) Importer(815301076,1909f56bfc062723c751e8b465ee728b)  -> (artifact id: '41a72a9f70264099dfffb2a685d8f459') in 0.008327 seconds
  Import took 0.012679 seconds .

========================================================================
Received Import Request.
  Time since last request: 61.234046 seconds.
  path: Assets/Bitgem/Cube_World
  artifactKey: Guid(26ad93a7932c8364fb6983a02304d5ea) Importer(815301076,1909f56bfc062723c751e8b465ee728b)
Start importing Assets/Bitgem/Cube_World using Guid(26ad93a7932c8364fb6983a02304d5ea) Importer(815301076,1909f56bfc062723c751e8b465ee728b)  -> (artifact id: '919e92ea84594c97b1f7e01bb414a6f6') in 0.006751 seconds
  Import took 0.011222 seconds .

========================================================================
Received Import Request.
  Time since last request: 7.255828 seconds.
  path: Assets/Bitgem/Scenes/Christmas Cube - Scene.unity
  artifactKey: Guid(f0b448ee1d3dc481884719d0b3be5469) Importer(815301076,1909f56bfc062723c751e8b465ee728b)
Start importing Assets/Bitgem/Scenes/Christmas Cube - Scene.unity using Guid(f0b448ee1d3dc481884719d0b3be5469) Importer(815301076,1909f56bfc062723c751e8b465ee728b)  -> (artifact id: '69c16a9e6537af60f5cc98dd5784a79a') in 0.006859 seconds
  Import took 0.011254 seconds .

========================================================================
Received Import Request.
  Time since last request: 21.700329 seconds.
  path: Assets/Bitgem/Scenes/Mine Rail System - Parts.unity
  artifactKey: Guid(e9fbc3247b0720b43927a969973d48b3) Importer(815301076,1909f56bfc062723c751e8b465ee728b)
Start importing Assets/Bitgem/Scenes/Mine Rail System - Parts.unity using Guid(e9fbc3247b0720b43927a969973d48b3) Importer(815301076,1909f56bfc062723c751e8b465ee728b)  -> (artifact id: 'e6c06f04a45b020284376d7152c220c8') in 0.007891 seconds
  Import took 0.014010 seconds .

========================================================================
Received Prepare
Registering precompiled user dll's ...
Registered in 0.001583 seconds.
Begin MonoManager ReloadAssembly
Native extension for WindowsStandalone target not found
Native extension for WebGL target not found
Refreshing native plugins compatible for Editor in 0.56 ms, found 0 plugins.
Preloading 0 native plugins for Editor in 0.00 ms.
Mono: successfully reloaded assembly
- Completed reload, in  1.018 seconds
Platform modules already initialized, skipping
Switching build target platform(5) subTarget(0) extendedPlatform(0) -> platform(13) subTarget(537395200) extendedPlatform(0)
Shader 'Universal Render Pipeline/Particles/Lit': fallback shader 'Universal Render Pipeline/Particles/SimpleLit' not found
Refreshing native plugins compatible for Editor in 1.02 ms, found 0 plugins.
Preloading 0 native plugins for Editor in 0.00 ms.
Unloading 2314 Unused Serialized files (Serialized files now loaded: 0)
System memory in use before: 109.1 MB.
System memory in use after: 109.4 MB.

Unloading 5 unused Assets to reduce memory usage. Loaded Objects now: 2870.
Total: 4.343400 ms (FindLiveObjects: 0.384900 ms CreateObjectMapping: 0.124100 ms MarkObjects: 3.792100 ms  DeleteObjects: 0.040700 ms)

AssetImportParameters requested are different than current active one (requested -> active):
  custom:graphics/normal-map-encoding: 01000000000000000000000000000000 -> 02000000000000000000000000000000
========================================================================
Received Import Request.
  Time since last request: 120.472455 seconds.
  path: Assets/Scenes/SampleScene.unity
  artifactKey: Guid(d1c3109bdb54ad54c8a2b2838528e640) Importer(815301076,1909f56bfc062723c751e8b465ee728b)
Start importing Assets/Scenes/SampleScene.unity using Guid(d1c3109bdb54ad54c8a2b2838528e640) Importer(815301076,1909f56bfc062723c751e8b465ee728b)  -> (artifact id: '6cd9519fd288e40aee68aab163f14910') in 0.015390 seconds
  Import took 0.019340 seconds .

========================================================================
Received Prepare
Registering precompiled user dll's ...
Registered in 0.001093 seconds.
Begin MonoManager ReloadAssembly
Native extension for WindowsStandalone target not found
Native extension for WebGL target not found
Refreshing native plugins compatible for Editor in 0.67 ms, found 0 plugins.
Preloading 0 native plugins for Editor in 0.00 ms.
Mono: successfully reloaded assembly
- Completed reload, in  0.910 seconds
Platform modules already initialized, skipping
Switching build target platform(5) subTarget(0) extendedPlatform(0) -> platform(13) subTarget(537395200) extendedPlatform(0)
Shader 'Universal Render Pipeline/Particles/Lit': fallback shader 'Universal Render Pipeline/Particles/SimpleLit' not found
Refreshing native plugins compatible for Editor in 1.03 ms, found 0 plugins.
Preloading 0 native plugins for Editor in 0.00 ms.
Unloading 2315 Unused Serialized files (Serialized files now loaded: 0)
System memory in use before: 109.2 MB.
System memory in use after: 109.5 MB.

Unloading 5 unused Assets to reduce memory usage. Loaded Objects now: 2873.
Total: 2.455200 ms (FindLiveObjects: 0.321500 ms CreateObjectMapping: 0.141200 ms MarkObjects: 1.978600 ms  DeleteObjects: 0.012700 ms)

AssetImportParameters requested are different than current active one (requested -> active):
  custom:graphics/normal-map-encoding: 01000000000000000000000000000000 -> 02000000000000000000000000000000
========================================================================
Received Import Request.
  Time since last request: 21.339379 seconds.
  path: Assets/Bitgem/Scenes
  artifactKey: Guid(4f704ae4b4f98ae41a0bce26658850c1) Importer(815301076,1909f56bfc062723c751e8b465ee728b)
Start importing Assets/Bitgem/Scenes using Guid(4f704ae4b4f98ae41a0bce26658850c1) Importer(815301076,1909f56bfc062723c751e8b465ee728b)  -> (artifact id: 'feed58d962b1c723eed1b530221c1fd6') in 0.010029 seconds
  Import took 0.015989 seconds .

========================================================================
Received Import Request.
  Time since last request: 1.143654 seconds.
  path: Assets/Bitgem/Scenes/Lava Cave - Scene.unity
  artifactKey: Guid(4233cb097c930489b9cd64acc7b4ab6b) Importer(815301076,1909f56bfc062723c751e8b465ee728b)
Start importing Assets/Bitgem/Scenes/Lava Cave - Scene.unity using Guid(4233cb097c930489b9cd64acc7b4ab6b) Importer(815301076,1909f56bfc062723c751e8b465ee728b)  -> (artifact id: '041960824a1026d04631f9dca49dcc7b') in 0.019886 seconds
  Import took 0.026295 seconds .

========================================================================
Received Import Request.
  Time since last request: 47.410621 seconds.
  path: Assets/Bitgem/Scenes/Minecraft Dungeon Entrance - Scene.unity
  artifactKey: Guid(6901ae193da5f423ab63735765a529cf) Importer(815301076,1909f56bfc062723c751e8b465ee728b)
Start importing Assets/Bitgem/Scenes/Minecraft Dungeon Entrance - Scene.unity using Guid(6901ae193da5f423ab63735765a529cf) Importer(815301076,1909f56bfc062723c751e8b465ee728b)  -> (artifact id: '6f957cad7b8aca97c46175f812f885a4') in 0.005476 seconds
  Import took 0.009830 seconds .

========================================================================
Received Import Request.
  Time since last request: 0.000561 seconds.
  path: Assets/Bitgem/Scenes/Minecraft Dungeon Entrance - Scene.unity
  artifactKey: Guid(6901ae193da5f423ab63735765a529cf) Importer(815301076,1909f56bfc062723c751e8b465ee728b)
Start importing Assets/Bitgem/Scenes/Minecraft Dungeon Entrance - Scene.unity using Guid(6901ae193da5f423ab63735765a529cf) Importer(815301076,1909f56bfc062723c751e8b465ee728b)  -> (artifact id: '6f957cad7b8aca97c46175f812f885a4') in 0.001928 seconds
  Import took 0.005659 seconds .

AssetImportWorkerClient::OnTransportError - code=2 error=End of file
